0 info it worked if it ends with ok
1 verbose cli [ '/usr/bin/nodejs', '/usr/bin/npm', 'run', 'bootstrap' ]
2 info using npm@3.3.12
3 info using node@v5.3.0
4 verbose run-script [ 'prebootstrap', 'bootstrap', 'postbootstrap' ]
5 info lifecycle isomorphic-beginner@1.0.0~prebootstrap: isomorphic-beginner@1.0.0
6 silly lifecycle isomorphic-beginner@1.0.0~prebootstrap: no script for prebootstrap, continuing
7 info lifecycle isomorphic-beginner@1.0.0~bootstrap: isomorphic-beginner@1.0.0
8 verbose lifecycle isomorphic-beginner@1.0.0~bootstrap: unsafe-perm in lifecycle true
9 verbose lifecycle isomorphic-beginner@1.0.0~bootstrap: PATH: /usr/lib/node_modules/npm/bin/node-gyp-bin:/home/vera/js/react/isomorphic-beginner/node_modules/.bin:/home/vera/bin:/usr/local/bin:/usr/bin:/bin:/usr/local/games:/usr/games
10 verbose lifecycle isomorphic-beginner@1.0.0~bootstrap: CWD: /home/vera/js/react/isomorphic-beginner
11 silly lifecycle isomorphic-beginner@1.0.0~bootstrap: Args: [ '-c',
11 silly lifecycle   'cp -R -u -p bower_components/bootstrap/dist/css/bootstrap.css static/css/bootstrap' ]
12 silly lifecycle isomorphic-beginner@1.0.0~bootstrap: Returned: code: 1  signal: null
13 info lifecycle isomorphic-beginner@1.0.0~bootstrap: Failed to exec bootstrap script
14 verbose stack Error: isomorphic-beginner@1.0.0 bootstrap: `cp -R -u -p bower_components/bootstrap/dist/css/bootstrap.css static/css/bootstrap`
14 verbose stack Exit status 1
14 verbose stack     at EventEmitter.<anonymous> (/usr/lib/node_modules/npm/lib/utils/lifecycle.js:232:16)
14 verbose stack     at emitTwo (events.js:87:13)
14 verbose stack     at EventEmitter.emit (events.js:172:7)
14 verbose stack     at ChildProcess.<anonymous> (/usr/lib/node_modules/npm/lib/utils/spawn.js:24:14)
14 verbose stack     at emitTwo (events.js:87:13)
14 verbose stack     at ChildProcess.emit (events.js:172:7)
14 verbose stack     at maybeClose (internal/child_process.js:818:16)
14 verbose stack     at Process.ChildProcess._handle.onexit (internal/child_process.js:211:5)
15 verbose pkgid isomorphic-beginner@1.0.0
16 verbose cwd /home/vera/js/react/isomorphic-beginner
17 error Linux 3.16.0-4-amd64
18 error argv "/usr/bin/nodejs" "/usr/bin/npm" "run" "bootstrap"
19 error node v5.3.0
20 error npm  v3.3.12
21 error code ELIFECYCLE
22 error isomorphic-beginner@1.0.0 bootstrap: `cp -R -u -p bower_components/bootstrap/dist/css/bootstrap.css static/css/bootstrap`
22 error Exit status 1
23 error Failed at the isomorphic-beginner@1.0.0 bootstrap script 'cp -R -u -p bower_components/bootstrap/dist/css/bootstrap.css static/css/bootstrap'.
23 error Make sure you have the latest version of node.js and npm installed.
23 error If you do, this is most likely a problem with the isomorphic-beginner package,
23 error not with npm itself.
23 error Tell the author that this fails on your system:
23 error     cp -R -u -p bower_components/bootstrap/dist/css/bootstrap.css static/css/bootstrap
23 error You can get their info via:
23 error     npm owner ls isomorphic-beginner
23 error There is likely additional logging output above.
24 verbose exit [ 1, true ]
